Script started
Username: rafi
Password hash: 139c4e89cdbedaf144d05ca54a12a57b
Password mismatch
Script started
Username: rafi
Password hash: 139c4e89cdbedaf144d05ca54a12a57b
Password mismatch
Script started
Username: rafi
Password hash: 139c4e89cdbedaf144d05ca54a12a57b
Password mismatch
Script started
Username: ambatron
Password hash: c94214f81510707511d67f0294692556
Password mismatch
Script started
Username: ambatron
Password hash: c94214f81510707511d67f0294692556
Password mismatch
Script started
Username: ambatron
Password hash: c94214f81510707511d67f0294692556
Password mismatch
Script started
Username: rafi
Password hash: 139c4e89cdbedaf144d05ca54a12a57b
Password mismatch
Script started
Username: ambatron
Password hash: c94214f81510707511d67f0294692556
Password mismatch
Script started
Username: acenk
Password hash: acenk
Password mismatch
Script started
Username: rafi
Password hash: 139c4e89cdbedaf144d05ca54a12a57b
Password mismatch
